12-Oct-2024 17:01:33.163 INFO [main] org.apache.catalina.startup.VersionLoggerListener.log Nombre de la versión del servidor: Apache Tomcat/8.5.100
12-Oct-2024 17:01:33.166 INFO [main] org.apache.catalina.startup.VersionLoggerListener.log Server built:                      Mar 19 2024 13:54:42 UTC
12-Oct-2024 17:01:33.166 INFO [main] org.apache.catalina.startup.VersionLoggerListener.log Número de versión de servidor:     8.5.100.0
12-Oct-2024 17:01:33.166 INFO [main] org.apache.catalina.startup.VersionLoggerListener.log OS Name:                           Windows 10
12-Oct-2024 17:01:33.166 INFO [main] org.apache.catalina.startup.VersionLoggerListener.log Versión de Systema Operativo:      10.0
12-Oct-2024 17:01:33.166 INFO [main] org.apache.catalina.startup.VersionLoggerListener.log Arquitectura:                      amd64
12-Oct-2024 17:01:33.166 INFO [main] org.apache.catalina.startup.VersionLoggerListener.log Java Home:                         C:\Program Files\Java\jdk-17.0.1
12-Oct-2024 17:01:33.167 INFO [main] org.apache.catalina.startup.VersionLoggerListener.log JVM Version:                       17.0.1+12-LTS-39
12-Oct-2024 17:01:33.167 INFO [main] org.apache.catalina.startup.VersionLoggerListener.log Vededor JVM:                       Oracle Corporation
12-Oct-2024 17:01:33.167 INFO [main] org.apache.catalina.startup.VersionLoggerListener.log CATALINA_BASE:                     E:\ANDROID\RakutenTVAndroid
12-Oct-2024 17:01:33.167 INFO [main] org.apache.catalina.startup.VersionLoggerListener.log CATALINA_HOME:                     C:\Users\2017a\OneDrive\Escritorio\SOFTWARE\apache-tomcat-8.5.100\apache-tomcat-8.5.100
12-Oct-2024 17:01:33.167 INFO [main] org.apache.catalina.startup.VersionLoggerListener.log Command line argument:             --add-opens=java.base/java.lang=ALL-UNNAMED
12-Oct-2024 17:01:33.167 INFO [main] org.apache.catalina.startup.VersionLoggerListener.log Command line argument:             --add-opens=java.base/java.io=ALL-UNNAMED
12-Oct-2024 17:01:33.168 INFO [main] org.apache.catalina.startup.VersionLoggerListener.log Command line argument:             --add-opens=java.base/java.util=ALL-UNNAMED
12-Oct-2024 17:01:33.168 INFO [main] org.apache.catalina.startup.VersionLoggerListener.log Command line argument:             --add-opens=java.base/java.util.concurrent=ALL-UNNAMED
12-Oct-2024 17:01:33.168 INFO [main] org.apache.catalina.startup.VersionLoggerListener.log Command line argument:             --add-opens=java.rmi/sun.rmi.transport=ALL-UNNAMED
12-Oct-2024 17:01:33.168 INFO [main] org.apache.catalina.startup.VersionLoggerListener.log Command line argument:             -Dcatalina.home=C:\Users\2017a\OneDrive\Escritorio\SOFTWARE\apache-tomcat-8.5.100\apache-tomcat-8.5.100
12-Oct-2024 17:01:33.168 INFO [main] org.apache.catalina.startup.VersionLoggerListener.log Command line argument:             -Dcatalina.base=E:\ANDROID\RakutenTVAndroid
12-Oct-2024 17:01:33.168 INFO [main] org.apache.catalina.startup.VersionLoggerListener.log Command line argument:             -Djava.io.tmpdir=E:\ANDROID\RakutenTVAndroid\temp
12-Oct-2024 17:01:33.168 INFO [main] org.apache.catalina.startup.VersionLoggerListener.log Command line argument:             -Djava.util.logging.config.file=E:\ANDROID\RakutenTVAndroid\conf\logging.properties
12-Oct-2024 17:01:33.168 INFO [main] org.apache.catalina.startup.VersionLoggerListener.log Command line argument:             -Djava.util.logging.manager=org.apache.juli.ClassLoaderLogManager
12-Oct-2024 17:01:33.168 INFO [main] org.apache.catalina.startup.VersionLoggerListener.log Command line argument:             -javaagent:C:\Program Files\JetBrains\IntelliJ IDEA 2023.2.2\lib\idea_rt.jar=50721:C:\Program Files\JetBrains\IntelliJ IDEA 2023.2.2\bin
12-Oct-2024 17:01:33.168 INFO [main] org.apache.catalina.startup.VersionLoggerListener.log Command line argument:             -Dfile.encoding=UTF-8
12-Oct-2024 17:01:33.168 INFO [main] org.apache.catalina.core.AprLifecycleListener.lifecycleEvent La biblioteca nativa de Apache Tomcat basada en ARP que permite un rendimiento óptimo en entornos de desarrollo no ha sido hallada en java.library.path: [C:\Program Files\Java\jdk-17.0.1\bin;C:\WINDOWS\Sun\Java\bin;C:\WINDOWS\system32;C:\WINDOWS;C:\Python312\Scripts\;C:\Python312\;C:\Users\2017a\OneDrive\Escritorio\D\BD\T3ORACLE\Instalacion\app\oracle\product\11.2.0\server\bin;C:\ProgramData\Oracle\Java\javapath;C:\Program Files\Common Files\Oracle\Java\javapath;C:\Program Files (x86)\Common Files\Oracle\Java\java8path;C:\Program Files (x86)\Common Files\Oracle\Java\javapath;C:\Windows\system32;C:\Windows;C:\Windows\System32\Wbem;C:\Windows\System32\WindowsPowerShell\v1.0\;C:\Windows\System32\OpenSSH\;C:\Program Files (x86)\NVIDIA Corporation\PhysX\Common;C:\Program Files\NVIDIA Corporation\NVIDIA NvDLISR;C:\WINDOWS\system32;C:\WINDOWS;C:\WINDOWS\System32\Wbem;C:\WINDOWS\System32\WindowsPowerShell\v1.0\;C:\WINDOWS\System32\OpenSSH\;C:\Program Files (x86)\dotnet\;C:\Users\2017a\OneDrive\Escritorio\SOFTWARE\;C:\ProgramData\chocolatey\bin;C:\Program Files\Git\cmd;C:\Program Files\dotnet\;C:\Users\2017a\.console-ninja\.bin;C:\Users\2017a\AppData\Local\Microsoft\WindowsApps;C:\Users\2017a\AppData\Local\Programs\Microsoft VS Code\bin;C:\Users\2017a\AppData\Roaming\npm;C:\Users\2017a\AppData\Local\GitHubDesktop\bin;C:\Users\2017a\.bun\bin;.]
12-Oct-2024 17:01:33.205 INFO [main] org.apache.coyote.AbstractProtocol.init Inicializando el manejador de protocolo ["http-nio-8080"]

12-Oct-2024 17:01:33.222 INFO [main] org.apache.catalina.startup.Catalina.load Initialization processed in 487 ms
12-Oct-2024 17:01:33.267 INFO [main] org.apache.catalina.core.StandardService.startInternal Arrancando servicio [Catalina]
12-Oct-2024 17:01:33.267 INFO [main] org.apache.catalina.core.StandardEngine.startInternal Starting Servlet engine: [Apache Tomcat/8.5.100]
12-Oct-2024 17:01:33.275 INFO [localhost-startStop-1] org.apache.catalina.startup.HostConfig.deployDescriptor Desplieque del descriptor de configuración [E:\ANDROID\RakutenTVAndroid\conf\Catalina\localhost\RakutenTVAndroid.xml]
12-Oct-2024 17:01:33.678 INFO [localhost-startStop-1] org.apache.jasper.servlet.TldScanner.scanJars Al menos un JAR, que se ha explorado buscando TLDs, aún no contenía TLDs. Activar historial de depuración para este historiador para una completa lista de los JARs que fueron explorados y de los que nos se halló TLDs. Saltarse JARs no necesarios durante la exploración puede dar lugar a una mejora de tiempo significativa en el arranque y compilación de JSP .
12-Oct-2024 17:01:33.738 INFO [localhost-startStop-1] org.apache.catalina.startup.HostConfig.deployDescriptor Deployment of deployment descriptor [E:\ANDROID\RakutenTVAndroid\conf\Catalina\localhost\RakutenTVAndroid.xml] has finished in [461] ms
12-Oct-2024 17:01:33.740 INFO [main] org.apache.coyote.AbstractProtocol.start Starting ProtocolHandler ["http-nio-8080"]
12-Oct-2024 17:01:33.780 INFO [main] org.apache.catalina.startup.Catalina.start Server startup in 557 ms
12-Oct-2024 17:33:15.539 INFO [Thread-1] org.apache.coyote.AbstractProtocol.pause Pausing ProtocolHandler ["http-nio-8080"]
12-Oct-2024 17:33:15.562 INFO [Thread-1] org.apache.catalina.core.StandardService.stopInternal Parando servicio [Catalina]
12-Oct-2024 17:33:15.583 WARNING [localhost-startStop-2] org.apache.catalina.loader.WebappClassLoaderBase.clearReferencesJdbc La aplicación web [RakutenTVAndroid] registró el conductor JDBC [com.mysql.jdbc.Driver] pero falló al anular el registro mientras la aplicación web estaba parada. Para prevenir un fallo de memoria, se ha anulado el registro del conductor JDBC por la fuerza.
12-Oct-2024 17:33:15.605 INFO [Thread-1] org.apache.coyote.AbstractProtocol.stop Stopping ProtocolHandler ["http-nio-8080"]
12-Oct-2024 17:33:15.617 INFO [Thread-1] org.apache.coyote.AbstractProtocol.destroy Destroying ProtocolHandler ["http-nio-8080"]
12-Oct-2024 17:33:17.692 INFO [main] org.apache.catalina.startup.VersionLoggerListener.log Nombre de la versión del servidor: Apache Tomcat/8.5.100
12-Oct-2024 17:33:17.695 INFO [main] org.apache.catalina.startup.VersionLoggerListener.log Server built:                      Mar 19 2024 13:54:42 UTC
12-Oct-2024 17:33:17.696 INFO [main] org.apache.catalina.startup.VersionLoggerListener.log Número de versión de servidor:     8.5.100.0
12-Oct-2024 17:33:17.696 INFO [main] org.apache.catalina.startup.VersionLoggerListener.log OS Name:                           Windows 10
12-Oct-2024 17:33:17.696 INFO [main] org.apache.catalina.startup.VersionLoggerListener.log Versión de Systema Operativo:      10.0
12-Oct-2024 17:33:17.696 INFO [main] org.apache.catalina.startup.VersionLoggerListener.log Arquitectura:                      amd64
12-Oct-2024 17:33:17.696 INFO [main] org.apache.catalina.startup.VersionLoggerListener.log Java Home:                         C:\Program Files\Java\jdk-17.0.1
12-Oct-2024 17:33:17.696 INFO [main] org.apache.catalina.startup.VersionLoggerListener.log JVM Version:                       17.0.1+12-LTS-39
12-Oct-2024 17:33:17.696 INFO [main] org.apache.catalina.startup.VersionLoggerListener.log Vededor JVM:                       Oracle Corporation
12-Oct-2024 17:33:17.696 INFO [main] org.apache.catalina.startup.VersionLoggerListener.log CATALINA_BASE:                     E:\ANDROID\RakutenTVAndroid
12-Oct-2024 17:33:17.697 INFO [main] org.apache.catalina.startup.VersionLoggerListener.log CATALINA_HOME:                     C:\Users\2017a\OneDrive\Escritorio\SOFTWARE\apache-tomcat-8.5.100\apache-tomcat-8.5.100
12-Oct-2024 17:33:17.698 INFO [main] org.apache.catalina.startup.VersionLoggerListener.log Command line argument:             --add-opens=java.base/java.lang=ALL-UNNAMED
12-Oct-2024 17:33:17.698 INFO [main] org.apache.catalina.startup.VersionLoggerListener.log Command line argument:             --add-opens=java.base/java.io=ALL-UNNAMED
12-Oct-2024 17:33:17.698 INFO [main] org.apache.catalina.startup.VersionLoggerListener.log Command line argument:             --add-opens=java.base/java.util=ALL-UNNAMED
12-Oct-2024 17:33:17.698 INFO [main] org.apache.catalina.startup.VersionLoggerListener.log Command line argument:             --add-opens=java.base/java.util.concurrent=ALL-UNNAMED
12-Oct-2024 17:33:17.698 INFO [main] org.apache.catalina.startup.VersionLoggerListener.log Command line argument:             --add-opens=java.rmi/sun.rmi.transport=ALL-UNNAMED
12-Oct-2024 17:33:17.698 INFO [main] org.apache.catalina.startup.VersionLoggerListener.log Command line argument:             -Dcatalina.home=C:\Users\2017a\OneDrive\Escritorio\SOFTWARE\apache-tomcat-8.5.100\apache-tomcat-8.5.100
12-Oct-2024 17:33:17.699 INFO [main] org.apache.catalina.startup.VersionLoggerListener.log Command line argument:             -Dcatalina.base=E:\ANDROID\RakutenTVAndroid
12-Oct-2024 17:33:17.699 INFO [main] org.apache.catalina.startup.VersionLoggerListener.log Command line argument:             -Djava.io.tmpdir=E:\ANDROID\RakutenTVAndroid\temp
12-Oct-2024 17:33:17.699 INFO [main] org.apache.catalina.startup.VersionLoggerListener.log Command line argument:             -Djava.util.logging.config.file=E:\ANDROID\RakutenTVAndroid\conf\logging.properties
12-Oct-2024 17:33:17.699 INFO [main] org.apache.catalina.startup.VersionLoggerListener.log Command line argument:             -Djava.util.logging.manager=org.apache.juli.ClassLoaderLogManager
12-Oct-2024 17:33:17.699 INFO [main] org.apache.catalina.startup.VersionLoggerListener.log Command line argument:             -javaagent:C:\Program Files\JetBrains\IntelliJ IDEA 2023.2.2\lib\idea_rt.jar=51747:C:\Program Files\JetBrains\IntelliJ IDEA 2023.2.2\bin
12-Oct-2024 17:33:17.700 INFO [main] org.apache.catalina.startup.VersionLoggerListener.log Command line argument:             -Dfile.encoding=UTF-8
12-Oct-2024 17:33:17.700 INFO [main] org.apache.catalina.core.AprLifecycleListener.lifecycleEvent La biblioteca nativa de Apache Tomcat basada en ARP que permite un rendimiento óptimo en entornos de desarrollo no ha sido hallada en java.library.path: [C:\Program Files\Java\jdk-17.0.1\bin;C:\WINDOWS\Sun\Java\bin;C:\WINDOWS\system32;C:\WINDOWS;C:\Python312\Scripts\;C:\Python312\;C:\Users\2017a\OneDrive\Escritorio\D\BD\T3ORACLE\Instalacion\app\oracle\product\11.2.0\server\bin;C:\ProgramData\Oracle\Java\javapath;C:\Program Files\Common Files\Oracle\Java\javapath;C:\Program Files (x86)\Common Files\Oracle\Java\java8path;C:\Program Files (x86)\Common Files\Oracle\Java\javapath;C:\Windows\system32;C:\Windows;C:\Windows\System32\Wbem;C:\Windows\System32\WindowsPowerShell\v1.0\;C:\Windows\System32\OpenSSH\;C:\Program Files (x86)\NVIDIA Corporation\PhysX\Common;C:\Program Files\NVIDIA Corporation\NVIDIA NvDLISR;C:\WINDOWS\system32;C:\WINDOWS;C:\WINDOWS\System32\Wbem;C:\WINDOWS\System32\WindowsPowerShell\v1.0\;C:\WINDOWS\System32\OpenSSH\;C:\Program Files (x86)\dotnet\;C:\Users\2017a\OneDrive\Escritorio\SOFTWARE\;C:\ProgramData\chocolatey\bin;C:\Program Files\Git\cmd;C:\Program Files\dotnet\;C:\Users\2017a\.console-ninja\.bin;C:\Users\2017a\AppData\Local\Microsoft\WindowsApps;C:\Users\2017a\AppData\Local\Programs\Microsoft VS Code\bin;C:\Users\2017a\AppData\Roaming\npm;C:\Users\2017a\AppData\Local\GitHubDesktop\bin;C:\Users\2017a\.bun\bin;.]
12-Oct-2024 17:33:17.748 INFO [main] org.apache.coyote.AbstractProtocol.init Inicializando el manejador de protocolo ["http-nio-8080"]

12-Oct-2024 17:33:17.766 INFO [main] org.apache.catalina.startup.Catalina.load Initialization processed in 551 ms
12-Oct-2024 17:33:17.806 INFO [main] org.apache.catalina.core.StandardService.startInternal Arrancando servicio [Catalina]
12-Oct-2024 17:33:17.807 INFO [main] org.apache.catalina.core.StandardEngine.startInternal Starting Servlet engine: [Apache Tomcat/8.5.100]
12-Oct-2024 17:33:17.813 INFO [localhost-startStop-1] org.apache.catalina.startup.HostConfig.deployDescriptor Desplieque del descriptor de configuración [E:\ANDROID\RakutenTVAndroid\conf\Catalina\localhost\RakutenTVAndroid.xml]
12-Oct-2024 17:33:18.365 INFO [localhost-startStop-1] org.apache.jasper.servlet.TldScanner.scanJars Al menos un JAR, que se ha explorado buscando TLDs, aún no contenía TLDs. Activar historial de depuración para este historiador para una completa lista de los JARs que fueron explorados y de los que nos se halló TLDs. Saltarse JARs no necesarios durante la exploración puede dar lugar a una mejora de tiempo significativa en el arranque y compilación de JSP .
12-Oct-2024 17:33:18.426 INFO [localhost-startStop-1] org.apache.catalina.startup.HostConfig.deployDescriptor Deployment of deployment descriptor [E:\ANDROID\RakutenTVAndroid\conf\Catalina\localhost\RakutenTVAndroid.xml] has finished in [610] ms
12-Oct-2024 17:33:18.428 INFO [main] org.apache.coyote.AbstractProtocol.start Starting ProtocolHandler ["http-nio-8080"]
12-Oct-2024 17:33:18.466 INFO [main] org.apache.catalina.startup.Catalina.start Server startup in 698 ms
12-Oct-2024 17:41:49.290 INFO [Thread-1] org.apache.coyote.AbstractProtocol.pause Pausing ProtocolHandler ["http-nio-8080"]
12-Oct-2024 17:41:49.303 INFO [Thread-1] org.apache.catalina.core.StandardService.stopInternal Parando servicio [Catalina]
12-Oct-2024 17:41:49.308 WARNING [localhost-startStop-2] org.apache.catalina.loader.WebappClassLoaderBase.clearReferencesJdbc La aplicación web [RakutenTVAndroid] registró el conductor JDBC [com.mysql.jdbc.Driver] pero falló al anular el registro mientras la aplicación web estaba parada. Para prevenir un fallo de memoria, se ha anulado el registro del conductor JDBC por la fuerza.
12-Oct-2024 17:41:49.313 INFO [Thread-1] org.apache.coyote.AbstractProtocol.stop Stopping ProtocolHandler ["http-nio-8080"]
12-Oct-2024 17:41:49.324 INFO [Thread-1] org.apache.coyote.AbstractProtocol.destroy Destroying ProtocolHandler ["http-nio-8080"]
